{"/Users/lucasmunizdutra/projetos/cheaper-hotel/src/business_rules/use_cases/cheaper-hotel/cheaper-hotel.js": {"path":"/Users/lucasmunizdutra/projetos/cheaper-hotel/src/business_rules/use_cases/cheaper-hotel/cheaper-hotel.js","statementMap":{"0":{"start":{"line":1,"column":18},"end":{"line":1,"column":68}},"1":{"start":{"line":5,"column":4},"end":{"line":5,"column":64}},"2":{"start":{"line":6,"column":21},"end":{"line":6,"column":89}},"3":{"start":{"line":7,"column":21},"end":{"line":7,"column":89}},"4":{"start":{"line":12,"column":4},"end":{"line":12,"column":35}},"5":{"start":{"line":14,"column":28},"end":{"line":100,"column":1}},"6":{"start":{"line":16,"column":15},"end":{"line":18,"column":63}},"7":{"start":{"line":18,"column":16},"end":{"line":18,"column":62}},"8":{"start":{"line":19,"column":26},"end":{"line":19,"column":68}},"9":{"start":{"line":19,"column":44},"end":{"line":19,"column":67}},"10":{"start":{"line":20,"column":2},"end":{"line":22,"column":3}},"11":{"start":{"line":21,"column":3},"end":{"line":21,"column":67}},"12":{"start":{"line":23,"column":2},"end":{"line":23,"column":14}},"13":{"start":{"line":26,"column":18},"end":{"line":26,"column":46}},"14":{"start":{"line":27,"column":2},"end":{"line":31,"column":3}},"15":{"start":{"line":28,"column":3},"end":{"line":30,"column":5}},"16":{"start":{"line":32,"column":21},"end":{"line":32,"column":31}},"17":{"start":{"line":33,"column":2},"end":{"line":35,"column":3}},"18":{"start":{"line":34,"column":3},"end":{"line":34,"column":49}},"19":{"start":{"line":36,"column":2},"end":{"line":36,"column":73}},"20":{"start":{"line":40,"column":17},"end":{"line":45,"column":4}},"21":{"start":{"line":41,"column":3},"end":{"line":43,"column":4}},"22":{"start":{"line":42,"column":4},"end":{"line":42,"column":32}},"23":{"start":{"line":44,"column":3},"end":{"line":44,"column":28}},"24":{"start":{"line":46,"column":2},"end":{"line":46,"column":30}},"25":{"start":{"line":50,"column":2},"end":{"line":58,"column":38}},"26":{"start":{"line":52,"column":31},"end":{"line":52,"column":35}},"27":{"start":{"line":53,"column":4},"end":{"line":56,"column":6}},"28":{"start":{"line":58,"column":19},"end":{"line":58,"column":36}},"29":{"start":{"line":62,"column":2},"end":{"line":64,"column":3}},"30":{"start":{"line":63,"column":3},"end":{"line":63,"column":16}},"31":{"start":{"line":65,"column":34},"end":{"line":65,"column":47}},"32":{"start":{"line":66,"column":2},"end":{"line":66,"column":46}},"33":{"start":{"line":70,"column":22},"end":{"line":70,"column":35}},"34":{"start":{"line":71,"column":2},"end":{"line":75,"column":68}},"35":{"start":{"line":73,"column":4},"end":{"line":73,"column":42}},"36":{"start":{"line":75,"column":19},"end":{"line":75,"column":66}},"37":{"start":{"line":79,"column":26},"end":{"line":79,"column":30}},"38":{"start":{"line":80,"column":23},"end":{"line":80,"column":73}},"39":{"start":{"line":81,"column":21},"end":{"line":81,"column":77}},"40":{"start":{"line":82,"column":17},"end":{"line":82,"column":60}},"41":{"start":{"line":83,"column":24},"end":{"line":87,"column":3}},"42":{"start":{"line":89,"column":2},"end":{"line":96,"column":3}},"43":{"start":{"line":92,"column":7},"end":{"line":94,"column":4}},"44":{"start":{"line":95,"column":3},"end":{"line":95,"column":39}},"45":{"start":{"line":97,"column":25},"end":{"line":97,"column":38}},"46":{"start":{"line":98,"column":2},"end":{"line":98,"column":38}},"47":{"start":{"line":102,"column":0},"end":{"line":102,"column":37}}},"fnMap":{"0":{"name":"(anonymous_0)","decl":{"start":{"line":15,"column":18},"end":{"line":15,"column":19}},"loc":{"start":{"line":15,"column":26},"end":{"line":24,"column":2}},"line":15},"1":{"name":"(anonymous_1)","decl":{"start":{"line":18,"column":8},"end":{"line":18,"column":9}},"loc":{"start":{"line":18,"column":16},"end":{"line":18,"column":62}},"line":18},"2":{"name":"(anonymous_2)","decl":{"start":{"line":19,"column":37},"end":{"line":19,"column":38}},"loc":{"start":{"line":19,"column":44},"end":{"line":19,"column":67}},"line":19},"3":{"name":"(anonymous_3)","decl":{"start":{"line":25,"column":24},"end":{"line":25,"column":25}},"loc":{"start":{"line":25,"column":32},"end":{"line":37,"column":2}},"line":25},"4":{"name":"(anonymous_4)","decl":{"start":{"line":39,"column":12},"end":{"line":39,"column":13}},"loc":{"start":{"line":39,"column":20},"end":{"line":47,"column":2}},"line":39},"5":{"name":"(anonymous_5)","decl":{"start":{"line":40,"column":26},"end":{"line":40,"column":27}},"loc":{"start":{"line":40,"column":33},"end":{"line":45,"column":3}},"line":40},"6":{"name":"(anonymous_6)","decl":{"start":{"line":49,"column":11},"end":{"line":49,"column":12}},"loc":{"start":{"line":49,"column":50},"end":{"line":59,"column":2}},"line":49},"7":{"name":"(anonymous_7)","decl":{"start":{"line":51,"column":11},"end":{"line":51,"column":12}},"loc":{"start":{"line":51,"column":19},"end":{"line":57,"column":4}},"line":51},"8":{"name":"(anonymous_8)","decl":{"start":{"line":58,"column":9},"end":{"line":58,"column":10}},"loc":{"start":{"line":58,"column":19},"end":{"line":58,"column":36}},"line":58},"9":{"name":"(anonymous_9)","decl":{"start":{"line":61,"column":9},"end":{"line":61,"column":10}},"loc":{"start":{"line":61,"column":26},"end":{"line":67,"column":2}},"line":61},"10":{"name":"(anonymous_10)","decl":{"start":{"line":69,"column":40},"end":{"line":69,"column":41}},"loc":{"start":{"line":69,"column":57},"end":{"line":76,"column":2}},"line":69},"11":{"name":"(anonymous_11)","decl":{"start":{"line":72,"column":11},"end":{"line":72,"column":12}},"loc":{"start":{"line":72,"column":19},"end":{"line":74,"column":4}},"line":72},"12":{"name":"(anonymous_12)","decl":{"start":{"line":75,"column":9},"end":{"line":75,"column":10}},"loc":{"start":{"line":75,"column":19},"end":{"line":75,"column":66}},"line":75},"13":{"name":"(anonymous_13)","decl":{"start":{"line":78,"column":18},"end":{"line":78,"column":19}},"loc":{"start":{"line":78,"column":48},"end":{"line":99,"column":2}},"line":78}},"branchMap":{"0":{"loc":{"start":{"line":20,"column":2},"end":{"line":22,"column":3}},"type":"if","locations":[{"start":{"line":20,"column":2},"end":{"line":22,"column":3}},{"start":{"line":20,"column":2},"end":{"line":22,"column":3}}],"line":20},"1":{"loc":{"start":{"line":27,"column":2},"end":{"line":31,"column":3}},"type":"if","locations":[{"start":{"line":27,"column":2},"end":{"line":31,"column":3}},{"start":{"line":27,"column":2},"end":{"line":31,"column":3}}],"line":27},"2":{"loc":{"start":{"line":27,"column":6},"end":{"line":27,"column":33}},"type":"binary-expr","locations":[{"start":{"line":27,"column":6},"end":{"line":27,"column":14}},{"start":{"line":27,"column":18},"end":{"line":27,"column":33}}],"line":27},"3":{"loc":{"start":{"line":33,"column":2},"end":{"line":35,"column":3}},"type":"if","locations":[{"start":{"line":33,"column":2},"end":{"line":35,"column":3}},{"start":{"line":33,"column":2},"end":{"line":35,"column":3}}],"line":33},"4":{"loc":{"start":{"line":41,"column":3},"end":{"line":43,"column":4}},"type":"if","locations":[{"start":{"line":41,"column":3},"end":{"line":43,"column":4}},{"start":{"line":41,"column":3},"end":{"line":43,"column":4}}],"line":41},"5":{"loc":{"start":{"line":54,"column":5},"end":{"line":55,"column":45}},"type":"binary-expr","locations":[{"start":{"line":54,"column":5},"end":{"line":54,"column":38}},{"start":{"line":55,"column":5},"end":{"line":55,"column":45}}],"line":54},"6":{"loc":{"start":{"line":62,"column":2},"end":{"line":64,"column":3}},"type":"if","locations":[{"start":{"line":62,"column":2},"end":{"line":64,"column":3}},{"start":{"line":62,"column":2},"end":{"line":64,"column":3}}],"line":62},"7":{"loc":{"start":{"line":78,"column":25},"end":{"line":78,"column":43}},"type":"default-arg","locations":[{"start":{"line":78,"column":38},"end":{"line":78,"column":43}}],"line":78},"8":{"loc":{"start":{"line":89,"column":2},"end":{"line":96,"column":3}},"type":"if","locations":[{"start":{"line":89,"column":2},"end":{"line":96,"column":3}},{"start":{"line":89,"column":2},"end":{"line":96,"column":3}}],"line":89}},"s":{"0":1,"1":1,"2":1,"3":1,"4":1,"5":1,"6":5,"7":15,"8":5,"9":13,"10":5,"11":1,"12":4,"13":5,"14":5,"15":1,"16":4,"17":4,"18":3,"19":1,"20":7,"21":19,"22":4,"23":15,"24":7,"25":6,"26":64,"27":64,"28":34,"29":6,"30":1,"31":5,"32":5,"33":2,"34":2,"35":8,"36":6,"37":3,"38":3,"39":3,"40":3,"41":3,"42":3,"43":1,"44":1,"45":2,"46":2,"47":1},"f":{"0":5,"1":15,"2":13,"3":5,"4":7,"5":19,"6":6,"7":64,"8":34,"9":6,"10":2,"11":8,"12":6,"13":3},"b":{"0":[1,4],"1":[1,4],"2":[5,4],"3":[3,1],"4":[4,15],"5":[64,34],"6":[1,5],"7":[2],"8":[1,2]},"_coverageSchema":"43e27e138ebf9cfc5966b082cf9a028302ed4184","hash":"0c9249eaaeab153d37c0c4031d745b3a31546124"}
,"/Users/lucasmunizdutra/projetos/cheaper-hotel/src/enterprise_business_rules/enum/client-types.enum.js": {"path":"/Users/lucasmunizdutra/projetos/cheaper-hotel/src/enterprise_business_rules/enum/client-types.enum.js","statementMap":{"0":{"start":{"line":1,"column":21},"end":{"line":4,"column":1}},"1":{"start":{"line":6,"column":0},"end":{"line":6,"column":30}}},"fnMap":{},"branchMap":{},"s":{"0":1,"1":1},"f":{},"b":{},"_coverageSchema":"43e27e138ebf9cfc5966b082cf9a028302ed4184","hash":"df89714106e379f48e2ec43927beb0fdea2959d7"}
,"/Users/lucasmunizdutra/projetos/cheaper-hotel/src/enterprise_business_rules/enum/days.enum.js": {"path":"/Users/lucasmunizdutra/projetos/cheaper-hotel/src/enterprise_business_rules/enum/days.enum.js","statementMap":{"0":{"start":{"line":1,"column":13},"end":{"line":9,"column":1}},"1":{"start":{"line":11,"column":18},"end":{"line":17,"column":1}},"2":{"start":{"line":19,"column":21},"end":{"line":22,"column":1}},"3":{"start":{"line":24,"column":0},"end":{"line":24,"column":51}}},"fnMap":{},"branchMap":{},"s":{"0":1,"1":1,"2":1,"3":1},"f":{},"b":{},"_coverageSchema":"43e27e138ebf9cfc5966b082cf9a028302ed4184","hash":"f95c6fe907ea842aa771a57d4569177617e714c3"}
,"/Users/lucasmunizdutra/projetos/cheaper-hotel/src/enterprise_business_rules/enum/period-types.enum.js": {"path":"/Users/lucasmunizdutra/projetos/cheaper-hotel/src/enterprise_business_rules/enum/period-types.enum.js","statementMap":{"0":{"start":{"line":1,"column":21},"end":{"line":4,"column":1}},"1":{"start":{"line":6,"column":0},"end":{"line":6,"column":30}}},"fnMap":{},"branchMap":{},"s":{"0":1,"1":1},"f":{},"b":{},"_coverageSchema":"43e27e138ebf9cfc5966b082cf9a028302ed4184","hash":"881e45e436b1069a49e45418d341a592a3a9f4e0"}
,"/Users/lucasmunizdutra/projetos/cheaper-hotel/src/enterprise_business_rules/model/client.model.js": {"path":"/Users/lucasmunizdutra/projetos/cheaper-hotel/src/enterprise_business_rules/model/client.model.js","statementMap":{"0":{"start":{"line":3,"column":2},"end":{"line":3,"column":19}},"1":{"start":{"line":4,"column":2},"end":{"line":4,"column":37}},"2":{"start":{"line":8,"column":2},"end":{"line":8,"column":18}},"3":{"start":{"line":12,"column":2},"end":{"line":12,"column":16}},"4":{"start":{"line":16,"column":2},"end":{"line":16,"column":27}},"5":{"start":{"line":20,"column":2},"end":{"line":20,"column":34}},"6":{"start":{"line":24,"column":0},"end":{"line":24,"column":24}}},"fnMap":{"0":{"name":"(anonymous_0)","decl":{"start":{"line":2,"column":1},"end":{"line":2,"column":2}},"loc":{"start":{"line":2,"column":18},"end":{"line":5,"column":2}},"line":2},"1":{"name":"(anonymous_1)","decl":{"start":{"line":7,"column":1},"end":{"line":7,"column":2}},"loc":{"start":{"line":7,"column":10},"end":{"line":9,"column":2}},"line":7},"2":{"name":"(anonymous_2)","decl":{"start":{"line":11,"column":1},"end":{"line":11,"column":2}},"loc":{"start":{"line":11,"column":12},"end":{"line":13,"column":2}},"line":11},"3":{"name":"(anonymous_3)","decl":{"start":{"line":15,"column":1},"end":{"line":15,"column":2}},"loc":{"start":{"line":15,"column":19},"end":{"line":17,"column":2}},"line":15},"4":{"name":"(anonymous_4)","decl":{"start":{"line":19,"column":1},"end":{"line":19,"column":2}},"loc":{"start":{"line":19,"column":30},"end":{"line":21,"column":2}},"line":19}},"branchMap":{},"s":{"0":2,"1":2,"2":1,"3":2,"4":64,"5":2,"6":1},"f":{"0":2,"1":1,"2":2,"3":64,"4":2},"b":{},"_coverageSchema":"43e27e138ebf9cfc5966b082cf9a028302ed4184","hash":"d69a762dbf27dead2429b35f000c1d0ba718b812"}
,"/Users/lucasmunizdutra/projetos/cheaper-hotel/src/enterprise_business_rules/model/hotel.model.js": {"path":"/Users/lucasmunizdutra/projetos/cheaper-hotel/src/enterprise_business_rules/model/hotel.model.js","statementMap":{"0":{"start":{"line":3,"column":2},"end":{"line":3,"column":19}},"1":{"start":{"line":4,"column":2},"end":{"line":4,"column":23}},"2":{"start":{"line":5,"column":2},"end":{"line":5,"column":43}},"3":{"start":{"line":9,"column":2},"end":{"line":9,"column":18}},"4":{"start":{"line":13,"column":2},"end":{"line":13,"column":16}},"5":{"start":{"line":17,"column":2},"end":{"line":17,"column":20}},"6":{"start":{"line":21,"column":2},"end":{"line":21,"column":20}},"7":{"start":{"line":25,"column":2},"end":{"line":25,"column":30}},"8":{"start":{"line":29,"column":2},"end":{"line":29,"column":40}},"9":{"start":{"line":33,"column":0},"end":{"line":33,"column":23}}},"fnMap":{"0":{"name":"(anonymous_0)","decl":{"start":{"line":2,"column":1},"end":{"line":2,"column":2}},"loc":{"start":{"line":2,"column":18},"end":{"line":6,"column":2}},"line":2},"1":{"name":"(anonymous_1)","decl":{"start":{"line":8,"column":1},"end":{"line":8,"column":2}},"loc":{"start":{"line":8,"column":10},"end":{"line":10,"column":2}},"line":8},"2":{"name":"(anonymous_2)","decl":{"start":{"line":12,"column":1},"end":{"line":12,"column":2}},"loc":{"start":{"line":12,"column":12},"end":{"line":14,"column":2}},"line":12},"3":{"name":"(anonymous_3)","decl":{"start":{"line":16,"column":1},"end":{"line":16,"column":2}},"loc":{"start":{"line":16,"column":12},"end":{"line":18,"column":2}},"line":16},"4":{"name":"(anonymous_4)","decl":{"start":{"line":20,"column":1},"end":{"line":20,"column":2}},"loc":{"start":{"line":20,"column":16},"end":{"line":22,"column":2}},"line":20},"5":{"name":"(anonymous_5)","decl":{"start":{"line":24,"column":1},"end":{"line":24,"column":2}},"loc":{"start":{"line":24,"column":22},"end":{"line":26,"column":2}},"line":24},"6":{"name":"(anonymous_6)","decl":{"start":{"line":28,"column":1},"end":{"line":28,"column":2}},"loc":{"start":{"line":28,"column":36},"end":{"line":30,"column":2}},"line":28}},"branchMap":{},"s":{"0":3,"1":3,"2":3,"3":1,"4":3,"5":3,"6":3,"7":12,"8":3,"9":1},"f":{"0":3,"1":1,"2":3,"3":3,"4":3,"5":12,"6":3},"b":{},"_coverageSchema":"43e27e138ebf9cfc5966b082cf9a028302ed4184","hash":"0bb5fbe5e3264e095409548c6169d85eff53f572"}
,"/Users/lucasmunizdutra/projetos/cheaper-hotel/src/enterprise_business_rules/model/period.model.js": {"path":"/Users/lucasmunizdutra/projetos/cheaper-hotel/src/enterprise_business_rules/model/period.model.js","statementMap":{"0":{"start":{"line":3,"column":2},"end":{"line":3,"column":19}},"1":{"start":{"line":4,"column":2},"end":{"line":4,"column":37}},"2":{"start":{"line":8,"column":2},"end":{"line":8,"column":18}},"3":{"start":{"line":12,"column":2},"end":{"line":12,"column":16}},"4":{"start":{"line":16,"column":2},"end":{"line":16,"column":27}},"5":{"start":{"line":20,"column":2},"end":{"line":20,"column":34}},"6":{"start":{"line":24,"column":0},"end":{"line":24,"column":24}}},"fnMap":{"0":{"name":"(anonymous_0)","decl":{"start":{"line":2,"column":1},"end":{"line":2,"column":2}},"loc":{"start":{"line":2,"column":18},"end":{"line":5,"column":2}},"line":2},"1":{"name":"(anonymous_1)","decl":{"start":{"line":7,"column":1},"end":{"line":7,"column":2}},"loc":{"start":{"line":7,"column":10},"end":{"line":9,"column":2}},"line":7},"2":{"name":"(anonymous_2)","decl":{"start":{"line":11,"column":1},"end":{"line":11,"column":2}},"loc":{"start":{"line":11,"column":12},"end":{"line":13,"column":2}},"line":11},"3":{"name":"(anonymous_3)","decl":{"start":{"line":15,"column":1},"end":{"line":15,"column":2}},"loc":{"start":{"line":15,"column":19},"end":{"line":17,"column":2}},"line":15},"4":{"name":"(anonymous_4)","decl":{"start":{"line":19,"column":1},"end":{"line":19,"column":2}},"loc":{"start":{"line":19,"column":30},"end":{"line":21,"column":2}},"line":19}},"branchMap":{},"s":{"0":2,"1":2,"2":1,"3":2,"4":34,"5":2,"6":1},"f":{"0":2,"1":1,"2":2,"3":34,"4":2},"b":{},"_coverageSchema":"43e27e138ebf9cfc5966b082cf9a028302ed4184","hash":"272c23ed621a86fe09dac23f315dc562291cb5b2"}
,"/Users/lucasmunizdutra/projetos/cheaper-hotel/src/enterprise_business_rules/model/plan.model.js": {"path":"/Users/lucasmunizdutra/projetos/cheaper-hotel/src/enterprise_business_rules/model/plan.model.js","statementMap":{"0":{"start":{"line":3,"column":2},"end":{"line":3,"column":19}},"1":{"start":{"line":4,"column":2},"end":{"line":4,"column":25}},"2":{"start":{"line":5,"column":2},"end":{"line":5,"column":27}},"3":{"start":{"line":6,"column":2},"end":{"line":6,"column":27}},"4":{"start":{"line":7,"column":2},"end":{"line":7,"column":25}},"5":{"start":{"line":11,"column":2},"end":{"line":11,"column":18}},"6":{"start":{"line":15,"column":2},"end":{"line":15,"column":16}},"7":{"start":{"line":19,"column":2},"end":{"line":19,"column":21}},"8":{"start":{"line":23,"column":2},"end":{"line":23,"column":22}},"9":{"start":{"line":27,"column":2},"end":{"line":27,"column":22}},"10":{"start":{"line":31,"column":2},"end":{"line":31,"column":24}},"11":{"start":{"line":35,"column":2},"end":{"line":35,"column":22}},"12":{"start":{"line":39,"column":2},"end":{"line":39,"column":24}},"13":{"start":{"line":43,"column":2},"end":{"line":43,"column":21}},"14":{"start":{"line":47,"column":2},"end":{"line":47,"column":22}},"15":{"start":{"line":51,"column":0},"end":{"line":51,"column":22}}},"fnMap":{"0":{"name":"(anonymous_0)","decl":{"start":{"line":2,"column":1},"end":{"line":2,"column":2}},"loc":{"start":{"line":2,"column":18},"end":{"line":8,"column":2}},"line":2},"1":{"name":"(anonymous_1)","decl":{"start":{"line":10,"column":1},"end":{"line":10,"column":2}},"loc":{"start":{"line":10,"column":10},"end":{"line":12,"column":2}},"line":10},"2":{"name":"(anonymous_2)","decl":{"start":{"line":14,"column":1},"end":{"line":14,"column":2}},"loc":{"start":{"line":14,"column":12},"end":{"line":16,"column":2}},"line":14},"3":{"name":"(anonymous_3)","decl":{"start":{"line":18,"column":1},"end":{"line":18,"column":2}},"loc":{"start":{"line":18,"column":13},"end":{"line":20,"column":2}},"line":18},"4":{"name":"(anonymous_4)","decl":{"start":{"line":22,"column":1},"end":{"line":22,"column":2}},"loc":{"start":{"line":22,"column":18},"end":{"line":24,"column":2}},"line":22},"5":{"name":"(anonymous_5)","decl":{"start":{"line":26,"column":1},"end":{"line":26,"column":2}},"loc":{"start":{"line":26,"column":14},"end":{"line":28,"column":2}},"line":26},"6":{"name":"(anonymous_6)","decl":{"start":{"line":30,"column":1},"end":{"line":30,"column":2}},"loc":{"start":{"line":30,"column":20},"end":{"line":32,"column":2}},"line":30},"7":{"name":"(anonymous_7)","decl":{"start":{"line":34,"column":1},"end":{"line":34,"column":2}},"loc":{"start":{"line":34,"column":14},"end":{"line":36,"column":2}},"line":34},"8":{"name":"(anonymous_8)","decl":{"start":{"line":38,"column":1},"end":{"line":38,"column":2}},"loc":{"start":{"line":38,"column":20},"end":{"line":40,"column":2}},"line":38},"9":{"name":"(anonymous_9)","decl":{"start":{"line":42,"column":1},"end":{"line":42,"column":2}},"loc":{"start":{"line":42,"column":13},"end":{"line":44,"column":2}},"line":42},"10":{"name":"(anonymous_10)","decl":{"start":{"line":46,"column":1},"end":{"line":46,"column":2}},"loc":{"start":{"line":46,"column":18},"end":{"line":48,"column":2}},"line":46}},"branchMap":{},"s":{"0":39,"1":39,"2":39,"3":39,"4":39,"5":1,"6":39,"7":15,"8":39,"9":64,"10":39,"11":64,"12":39,"13":94,"14":39,"15":1},"f":{"0":39,"1":1,"2":39,"3":15,"4":39,"5":64,"6":39,"7":64,"8":39,"9":94,"10":39},"b":{},"_coverageSchema":"43e27e138ebf9cfc5966b082cf9a028302ed4184","hash":"2e461c3cb37fd423af1df83c9fef28ec8a9f6fd2"}
,"/Users/lucasmunizdutra/projetos/cheaper-hotel/src/frameworks_drivers/database/db.js": {"path":"/Users/lucasmunizdutra/projetos/cheaper-hotel/src/frameworks_drivers/database/db.js","statementMap":{"0":{"start":{"line":1,"column":14},"end":{"line":1,"column":74}},"1":{"start":{"line":2,"column":15},"end":{"line":2,"column":76}},"2":{"start":{"line":3,"column":15},"end":{"line":3,"column":76}},"3":{"start":{"line":4,"column":13},"end":{"line":4,"column":72}},"4":{"start":{"line":5,"column":21},"end":{"line":5,"column":86}},"5":{"start":{"line":6,"column":21},"end":{"line":6,"column":86}},"6":{"start":{"line":8,"column":17},"end":{"line":12,"column":2}},"7":{"start":{"line":14,"column":19},"end":{"line":18,"column":2}},"8":{"start":{"line":20,"column":18},"end":{"line":24,"column":2}},"9":{"start":{"line":26,"column":16},"end":{"line":29,"column":2}},"10":{"start":{"line":31,"column":15},"end":{"line":34,"column":2}},"11":{"start":{"line":36,"column":13},"end":{"line":39,"column":2}},"12":{"start":{"line":41,"column":16},"end":{"line":44,"column":2}},"13":{"start":{"line":46,"column":14},"end":{"line":131,"column":1}},"14":{"start":{"line":133,"column":18},"end":{"line":162,"column":1}},"15":{"start":{"line":164,"column":0},"end":{"line":174,"column":2}}},"fnMap":{},"branchMap":{},"s":{"0":1,"1":1,"2":1,"3":1,"4":1,"5":1,"6":1,"7":1,"8":1,"9":1,"10":1,"11":1,"12":1,"13":1,"14":1,"15":1},"f":{},"b":{},"_coverageSchema":"43e27e138ebf9cfc5966b082cf9a028302ed4184","hash":"800b7db8180ae76ba14e7ea981daa2ce44315727"}
,"/Users/lucasmunizdutra/projetos/cheaper-hotel/src/utils/regex.js": {"path":"/Users/lucasmunizdutra/projetos/cheaper-hotel/src/utils/regex.js","statementMap":{"0":{"start":{"line":1,"column":25},"end":{"line":1,"column":37}},"1":{"start":{"line":2,"column":35},"end":{"line":2,"column":51}},"2":{"start":{"line":3,"column":23},"end":{"line":3,"column":31}},"3":{"start":{"line":5,"column":0},"end":{"line":9,"column":2}}},"fnMap":{},"branchMap":{},"s":{"0":1,"1":1,"2":1,"3":1},"f":{},"b":{},"_coverageSchema":"43e27e138ebf9cfc5966b082cf9a028302ed4184","hash":"9188425302ee712800a12746509cbe0d08e96e7b"}
}
