TN:
SF:/Users/lucasmunizdutra/projetos/cheaper-hotel/src/business_rules/use_cases/cheaper-hotel/cheaper-hotel.js
FN:15,(anonymous_0)
FN:18,(anonymous_1)
FN:19,(anonymous_2)
FN:25,(anonymous_3)
FN:39,(anonymous_4)
FN:40,(anonymous_5)
FN:49,(anonymous_6)
FN:51,(anonymous_7)
FN:58,(anonymous_8)
FN:61,(anonymous_9)
FN:69,(anonymous_10)
FN:72,(anonymous_11)
FN:75,(anonymous_12)
FN:78,(anonymous_13)
FNF:14
FNH:14
FNDA:5,(anonymous_0)
FNDA:15,(anonymous_1)
FNDA:13,(anonymous_2)
FNDA:5,(anonymous_3)
FNDA:7,(anonymous_4)
FNDA:19,(anonymous_5)
FNDA:6,(anonymous_6)
FNDA:64,(anonymous_7)
FNDA:34,(anonymous_8)
FNDA:6,(anonymous_9)
FNDA:2,(anonymous_10)
FNDA:8,(anonymous_11)
FNDA:6,(anonymous_12)
FNDA:3,(anonymous_13)
DA:1,1
DA:5,1
DA:6,1
DA:7,1
DA:12,1
DA:14,1
DA:16,5
DA:18,15
DA:19,13
DA:20,5
DA:21,1
DA:23,4
DA:26,5
DA:27,5
DA:28,1
DA:32,4
DA:33,4
DA:34,3
DA:36,1
DA:40,7
DA:41,19
DA:42,4
DA:44,15
DA:46,7
DA:50,6
DA:52,64
DA:53,64
DA:58,34
DA:62,6
DA:63,1
DA:65,5
DA:66,5
DA:70,2
DA:71,2
DA:73,8
DA:75,6
DA:79,3
DA:80,3
DA:81,3
DA:82,3
DA:83,3
DA:89,3
DA:92,1
DA:95,1
DA:97,2
DA:98,2
DA:102,1
LF:47
LH:47
BRDA:20,0,0,1
BRDA:20,0,1,4
BRDA:27,1,0,1
BRDA:27,1,1,4
BRDA:27,2,0,5
BRDA:27,2,1,4
BRDA:33,3,0,3
BRDA:33,3,1,1
BRDA:41,4,0,4
BRDA:41,4,1,15
BRDA:54,5,0,64
BRDA:54,5,1,34
BRDA:62,6,0,1
BRDA:62,6,1,5
BRDA:78,7,0,2
BRDA:89,8,0,1
BRDA:89,8,1,2
BRF:17
BRH:17
end_of_record
TN:
SF:/Users/lucasmunizdutra/projetos/cheaper-hotel/src/enterprise_business_rules/enum/client-types.enum.js
FNF:0
FNH:0
DA:1,1
DA:6,1
LF:2
LH:2
BRF:0
BRH:0
end_of_record
TN:
SF:/Users/lucasmunizdutra/projetos/cheaper-hotel/src/enterprise_business_rules/enum/days.enum.js
FNF:0
FNH:0
DA:1,1
DA:11,1
DA:19,1
DA:24,1
LF:4
LH:4
BRF:0
BRH:0
end_of_record
TN:
SF:/Users/lucasmunizdutra/projetos/cheaper-hotel/src/enterprise_business_rules/enum/period-types.enum.js
FNF:0
FNH:0
DA:1,1
DA:6,1
LF:2
LH:2
BRF:0
BRH:0
end_of_record
TN:
SF:/Users/lucasmunizdutra/projetos/cheaper-hotel/src/enterprise_business_rules/model/client.model.js
FN:2,(anonymous_0)
FN:7,(anonymous_1)
FN:11,(anonymous_2)
FN:15,(anonymous_3)
FN:19,(anonymous_4)
FNF:5
FNH:5
FNDA:2,(anonymous_0)
FNDA:1,(anonymous_1)
FNDA:2,(anonymous_2)
FNDA:64,(anonymous_3)
FNDA:2,(anonymous_4)
DA:3,2
DA:4,2
DA:8,1
DA:12,2
DA:16,64
DA:20,2
DA:24,1
LF:7
LH:7
BRF:0
BRH:0
end_of_record
TN:
SF:/Users/lucasmunizdutra/projetos/cheaper-hotel/src/enterprise_business_rules/model/hotel.model.js
FN:2,(anonymous_0)
FN:8,(anonymous_1)
FN:12,(anonymous_2)
FN:16,(anonymous_3)
FN:20,(anonymous_4)
FN:24,(anonymous_5)
FN:28,(anonymous_6)
FNF:7
FNH:7
FNDA:3,(anonymous_0)
FNDA:1,(anonymous_1)
FNDA:3,(anonymous_2)
FNDA:3,(anonymous_3)
FNDA:3,(anonymous_4)
FNDA:12,(anonymous_5)
FNDA:3,(anonymous_6)
DA:3,3
DA:4,3
DA:5,3
DA:9,1
DA:13,3
DA:17,3
DA:21,3
DA:25,12
DA:29,3
DA:33,1
LF:10
LH:10
BRF:0
BRH:0
end_of_record
TN:
SF:/Users/lucasmunizdutra/projetos/cheaper-hotel/src/enterprise_business_rules/model/period.model.js
FN:2,(anonymous_0)
FN:7,(anonymous_1)
FN:11,(anonymous_2)
FN:15,(anonymous_3)
FN:19,(anonymous_4)
FNF:5
FNH:5
FNDA:2,(anonymous_0)
FNDA:1,(anonymous_1)
FNDA:2,(anonymous_2)
FNDA:34,(anonymous_3)
FNDA:2,(anonymous_4)
DA:3,2
DA:4,2
DA:8,1
DA:12,2
DA:16,34
DA:20,2
DA:24,1
LF:7
LH:7
BRF:0
BRH:0
end_of_record
TN:
SF:/Users/lucasmunizdutra/projetos/cheaper-hotel/src/enterprise_business_rules/model/plan.model.js
FN:2,(anonymous_0)
FN:10,(anonymous_1)
FN:14,(anonymous_2)
FN:18,(anonymous_3)
FN:22,(anonymous_4)
FN:26,(anonymous_5)
FN:30,(anonymous_6)
FN:34,(anonymous_7)
FN:38,(anonymous_8)
FN:42,(anonymous_9)
FN:46,(anonymous_10)
FNF:11
FNH:11
FNDA:39,(anonymous_0)
FNDA:1,(anonymous_1)
FNDA:39,(anonymous_2)
FNDA:15,(anonymous_3)
FNDA:39,(anonymous_4)
FNDA:64,(anonymous_5)
FNDA:39,(anonymous_6)
FNDA:64,(anonymous_7)
FNDA:39,(anonymous_8)
FNDA:94,(anonymous_9)
FNDA:39,(anonymous_10)
DA:3,39
DA:4,39
DA:5,39
DA:6,39
DA:7,39
DA:11,1
DA:15,39
DA:19,15
DA:23,39
DA:27,64
DA:31,39
DA:35,64
DA:39,39
DA:43,94
DA:47,39
DA:51,1
LF:16
LH:16
BRF:0
BRH:0
end_of_record
TN:
SF:/Users/lucasmunizdutra/projetos/cheaper-hotel/src/frameworks_drivers/database/db.js
FNF:0
FNH:0
DA:1,1
DA:2,1
DA:3,1
DA:4,1
DA:5,1
DA:6,1
DA:8,1
DA:14,1
DA:20,1
DA:26,1
DA:31,1
DA:36,1
DA:41,1
DA:46,1
DA:133,1
DA:164,1
LF:16
LH:16
BRF:0
BRH:0
end_of_record
TN:
SF:/Users/lucasmunizdutra/projetos/cheaper-hotel/src/utils/regex.js
FNF:0
FNH:0
DA:1,1
DA:2,1
DA:3,1
DA:5,1
LF:4
LH:4
BRF:0
BRH:0
end_of_record
